<?xml version="1.0" encoding="UTF-8"?>
<!-- Generated by org.testng.reporters.JUnitXMLReporter -->
<testsuite hostname="GOWTHAM-PC" ignored="0" name="Default test" tests="3" failures="0" timestamp="2022-12-06T15:31:37 IST" time="3.22" errors="0">
  <testcase name="openBing" time="1.366" classname="org.ExtentReports.ExtentReportExample"/>
  <testcase name="openGoogle" time="1.267" classname="org.ExtentReports.ExtentReportExample"/>
  <testcase name="openWikipedia" time="0.566" classname="org.ExtentReports.ExtentReportExample"/>
</testsuite> <!-- Default test -->
